-------------------------------------------------------------------------------
Test set: com.exemple.tests.CheckoutTest
-------------------------------------------------------------------------------
Tests run: 1, Failures: 1, Errors: 0, Skipped: 0, Time elapsed: 7.440 s <<< FAILURE! -- in com.exemple.tests.CheckoutTest
com.exemple.tests.CheckoutTest.checkoutCompletDeberiaFinalizarCorrectamente -- Time elapsed: 7.414 s <<< FAILURE!
org.opentest4j.AssertionFailedError: expected: <Checkout: Overview> but was: <Checkout: Your Information>
	at org.junit.jupiter.api.AssertionFailureBuilder.build(AssertionFailureBuilder.java:151)
	at org.junit.jupiter.api.AssertionFailureBuilder.buildAndThrow(AssertionFailureBuilder.java:132)
	at org.junit.jupiter.api.AssertEquals.failNotEqual(AssertEquals.java:197)
	at org.junit.jupiter.api.AssertEquals.assertEquals(AssertEquals.java:182)
	at org.junit.jupiter.api.AssertEquals.assertEquals(AssertEquals.java:177)
	at org.junit.jupiter.api.Assertions.assertEquals(Assertions.java:1145)
	at com.exemple.tests.CheckoutTest.checkoutCompletDeberiaFinalizarCorrectamente(CheckoutTest.java:33)
	at java.base/java.lang.reflect.Method.invoke(Method.java:580)
	at java.base/java.util.ArrayList.forEach(ArrayList.java:1596)
	at java.base/java.util.ArrayList.forEach(ArrayList.java:1596)

