<?xml version="1.0" encoding="UTF-8"?>
<testsuite xmlns:xsi="http://www.w3.org/2001/XMLSchema-instance" xsi:noNamespaceSchemaLocation="https://maven.apache.org/surefire/maven-surefire-plugin/xsd/surefire-test-report.xsd" version="3.0.2" name="com.exemple.tests.LoginTest" time="9.144" tests="2" errors="0" skipped="0" failures="0">
  <properties>
[...]
</properties>
  <testcase name="loginCorrecte" classname="com.exemple.tests.LoginTest" time="4.546">
    <system-err><![CDATA[SLF4J(W): No SLF4J providers were found.
SLF4J(W): Defaulting to no-operation (NOP) logger implementation
SLF4J(W): See https://www.slf4j.org/codes.html#noProviders for further details.
jun 23, 2026 9:16:46 P. M. org.openqa.selenium.devtools.CdpVersionFinder findNearestMatch
ADVERTENCIA: Unable to find CDP implementation matching 149
jun 23, 2026 9:16:46 P. M. org.openqa.selenium.chromium.ChromiumDriver lambda$new$4
ADVERTENCIA: Unable to find version of CDP to use for 149.0.7827.155. You may need to include a dependency on a specific version of the CDP using something similar to `org.seleniumhq.selenium:selenium-devtools-v86:4.32.0` where the version ("v86") matches the version of the chromium-based browser you're using and the version number of the artifact is the same as Selenium's.
]]></system-err>
  </testcase>
  <testcase name="loginIncorrecte" classname="com.exemple.tests.LoginTest" time="4.575">
    <system-err><![CDATA[jun 23, 2026 9:16:51 P. M. org.openqa.selenium.devtools.CdpVersionFinder findNearestMatch
ADVERTENCIA: Unable to find CDP implementation matching 149
jun 23, 2026 9:16:51 P. M. org.openqa.selenium.chromium.ChromiumDriver lambda$new$4
ADVERTENCIA: Unable to find version of CDP to use for 149.0.7827.155. You may need to include a dependency on a specific version of the CDP using something similar to `org.seleniumhq.selenium:selenium-devtools-v86:4.32.0` where the version ("v86") matches the version of the chromium-based browser you're using and the version number of the artifact is the same as Selenium's.
]]></system-err>
  </testcase>
</testsuite>